Using pre-set license
Built from '2020.3/staging' branch; Version is '2020.3.30f1 (1fb1bf06830e) revision 2077119'; Using compiler version '192528614'; Build Type 'Release'
OS: 'Windows 10  (10.0.19044) 64bit Education' Language: 'ko' Physical Memory: 32509 MB
BatchMode: 1, IsHumanControllingUs: 0, StartBugReporterOnCrash: 0, Is64bit: 1, IsPro: 0

COMMAND LINE ARGUMENTS:
C:\Program Files\Unity\Hub\Editor\2020.3.30f1\Editor\Unity.exe
-adb2
-batchMode
-noUpm
-name
AssetImportWorker0
-projectPath
C:/Users/qnsdm/git/FireSafetyEducationHololens/FireSafetyEducationHololens/Hololens
-logFile
Logs/AssetImportWorker0.log
-srvPort
6654
Successfully changed project path to: C:/Users/qnsdm/git/FireSafetyEducationHololens/FireSafetyEducationHololens/Hololens
C:/Users/qnsdm/git/FireSafetyEducationHololens/FireSafetyEducationHololens/Hololens
Using Asset Import Pipeline V2.
Refreshing native plugins compatible for Editor in 119.08 ms, found 10 plugins.
Preloading 0 native plugins for Editor in 0.00 ms.
Initialize engine version: 2020.3.30f1 (1fb1bf06830e)
[Subsystems] Discovering subsystems at path C:/Program Files/Unity/Hub/Editor/2020.3.30f1/Editor/Data/Resources/UnitySubsystems
[Subsystems] Discovering subsystems at path C:/Users/qnsdm/git/FireSafetyEducationHololens/FireSafetyEducationHololens/Hololens/Assets
GfxDevice: creating device client; threaded=0
Direct3D:
    Version:  Direct3D 11.0 [level 11.1]
    Renderer: NVIDIA GeForce RTX 3060 Ti (ID=0x2489)
    Vendor:   
    VRAM:     8050 MB
    Driver:   30.0.15.1215
Initialize mono
Mono path[0] = 'C:/Program Files/Unity/Hub/Editor/2020.3.30f1/Editor/Data/Managed'
Mono path[1] = 'C:/Program Files/Unity/Hub/Editor/2020.3.30f1/Editor/Data/MonoBleedingEdge/lib/mono/unityjit'
Mono config path = 'C:/Program Files/Unity/Hub/Editor/2020.3.30f1/Editor/Data/MonoBleedingEdge/etc'
Using monoOptions --debugger-agent=transport=dt_socket,embedding=1,server=y,suspend=n,address=127.0.0.1:56244
Begin MonoManager ReloadAssembly
Registering precompiled unity dll's ...
Register platform support module: C:/Program Files/Unity/Hub/Editor/2020.3.30f1/Editor/Data/PlaybackEngines/WindowsStandaloneSupport/UnityEditor.WindowsStandalone.Extensions.dll
Registered in 0.005376 seconds.
Native extension for WindowsStandalone target not found
Refreshing native plugins compatible for Editor in 71.28 ms, found 10 plugins.
Preloading 0 native plugins for Editor in 0.00 ms.
Mono: successfully reloaded assembly
- Completed reload, in  0.696 seconds
Domain Reload Profiling:
	ReloadAssembly (697ms)
		BeginReloadAssembly (106ms)
			ExecutionOrderSort (0ms)
			DisableScriptedObjects (0ms)
			BackupInstance (0ms)
			ReleaseScriptingObjects (0ms)
			CreateAndSetChildDomain (1ms)
		EndReloadAssembly (498ms)
			LoadAssemblies (102ms)
			RebuildTransferFunctionScriptingTraits (0ms)
			SetupTypeCache (139ms)
			ReleaseScriptCaches (0ms)
			RebuildScriptCaches (31ms)
			SetupLoadedEditorAssemblies (194ms)
				LogAssemblyErrors (0ms)
				InitializePlatformSupportModulesInManaged (5ms)
				SetLoadedEditorAssemblies (0ms)
				RefreshPlugins (71ms)
				BeforeProcessingInitializeOnLoad (17ms)
				ProcessInitializeOnLoadAttributes (74ms)
				ProcessInitializeOnLoadMethodAttributes (26ms)
				AfterProcessingInitializeOnLoad (0ms)
				EditorAssembliesLoaded (0ms)
			ExecutionOrderSort2 (0ms)
			AwakeInstancesAfterBackupRestoration (0ms)
Platform modules already initialized, skipping
Registering precompiled user dll's ...
Registered in 0.018722 seconds.
Begin MonoManager ReloadAssembly
Native extension for WindowsStandalone target not found
Refreshing native plugins compatible for Editor in 74.90 ms, found 10 plugins.
Preloading 0 native plugins for Editor in 0.00 ms.
[XR] Error loading subsystem: Display (1) (header mismatch?)
[XR] [MROpenXR][Info   ][20:04:56.106643][tid:75ac] MeshProvider_RegisterLifecycleProvider
[XR] [MROpenXR][Info   ][20:04:56.106771][tid:75ac] InputProvider_RegisterLifeCycleProvider
[XR] [MROpenXR][Info   ][20:04:56.108090][tid:75ac] MicrosoftOpenXRPlugin_SetPluginEnvironment unityVersion=2020.3.30f1
[XR] [MROpenXR][Info   ][20:04:56.109040][tid:75ac] MicrosoftOpenXRPlugin_SetPluginEnvironment openXRPluginVersion=1.3.1
[XR] [MROpenXR][Info   ][20:04:56.109119][tid:75ac] MicrosoftOpenXRPlugin_SetPluginEnvironment mrOpenXRPluginVersion=1.3.1.0
[XR] [MROpenXR][Info   ][20:04:56.109211][tid:75ac] OnPluginStarted UnityVersion=2020.3.30f1 OpenXRPluginVersion=1.3.1 MROpenXRPluginVersion=1.3.1.0 PartA_PrivTags=33554432
Mono: successfully reloaded assembly
- Completed reload, in  2.941 seconds
Domain Reload Profiling:
	ReloadAssembly (2943ms)
		BeginReloadAssembly (155ms)
			ExecutionOrderSort (0ms)
			DisableScriptedObjects (5ms)
			BackupInstance (0ms)
			ReleaseScriptingObjects (0ms)
			CreateAndSetChildDomain (16ms)
		EndReloadAssembly (2711ms)
			LoadAssemblies (184ms)
			RebuildTransferFunctionScriptingTraits (0ms)
			SetupTypeCache (330ms)
			ReleaseScriptCaches (1ms)
			RebuildScriptCaches (70ms)
			SetupLoadedEditorAssemblies (1980ms)
				LogAssemblyErrors (0ms)
				InitializePlatformSupportModulesInManaged (4ms)
				SetLoadedEditorAssemblies (0ms)
				RefreshPlugins (75ms)
				BeforeProcessingInitializeOnLoad (161ms)
				ProcessInitializeOnLoadAttributes (965ms)
				ProcessInitializeOnLoadMethodAttributes (759ms)
				AfterProcessingInitializeOnLoad (16ms)
				EditorAssembliesLoaded (0ms)
			ExecutionOrderSort2 (0ms)
			AwakeInstancesAfterBackupRestoration (7ms)
Platform modules already initialized, skipping
========================================================================
Worker process is ready to serve import requests
Launched and connected shader compiler UnityShaderCompiler.exe after 0.06 seconds
Refreshing native plugins compatible for Editor in 0.93 ms, found 10 plugins.
Preloading 0 native plugins for Editor in 0.00 ms.
Unloading 4033 Unused Serialized files (Serialized files now loaded: 0)
System memory in use before: 257.8 MB.
System memory in use after: 256.8 MB.

Unloading 1993 unused Assets to reduce memory usage. Loaded Objects now: 4254.
Total: 6.727000 ms (FindLiveObjects: 0.635500 ms CreateObjectMapping: 0.209700 ms MarkObjects: 3.089500 ms  DeleteObjects: 2.791200 ms)

AssetImportParameters requested are different than current active one (requested -> active):
  custom:framework-win-MediaFoundation: 216162199b28c13a410421893ffa2e32 -> 
  custom:video-decoder-ogg-theora: a1e56fd34408186e4bbccfd4996cb3dc -> 
  custom:container-muxer-webm: aa71ff27fc2769a1b78a27578f13a17b -> 
  custom:container-demuxer-webm: 4f35f7cbe854078d1ac9338744f61a02 -> 
  custom:container-demuxer-ogg: 62fdf1f143b41e24485cea50d1cbac27 -> 
  custom:video-encoder-webm-vp8: eb34c28f22e8b96e1ab97ce403110664 -> 
  custom:video-decoder-webm-vp8: 9c59270c3fd7afecdb556c50c9e8de78 -> 
  custom:audio-decoder-ogg-vorbis: bf7c407c2cedff20999df2af8eb42d56 -> 
  custom:audio-encoder-webm-vorbis: bf7c407c2cedff20999df2af8eb42d56 -> 
========================================================================
Received Import Request.
  path: Assets/HookTheme.asset
  artifactKey: Guid(cd908eb9842cc724294b38a2655d345b) Importer(815301076,1909f56bfc062723c751e8b465ee728b)
Start importing Assets/HookTheme.asset using Guid(cd908eb9842cc724294b38a2655d345b) Importer(815301076,1909f56bfc062723c751e8b465ee728b)  -> (artifact id: '017e61f52aa6d0e0e71b7edada2c60bd') in 0.059777 seconds 
========================================================================
Received Import Request.
  Time since last request: 0.000266 seconds.
  path: Assets/fireExt3Theme.asset
  artifactKey: Guid(b95baa8a21d46f448a7b8d736114e178) Importer(815301076,1909f56bfc062723c751e8b465ee728b)
Start importing Assets/fireExt3Theme.asset using Guid(b95baa8a21d46f448a7b8d736114e178) Importer(815301076,1909f56bfc062723c751e8b465ee728b)  -> (artifact id: '35527ad6cde8af4d3fdf8628d14365af') in 0.008256 seconds 
========================================================================
Received Import Request.
  Time since last request: 0.000224 seconds.
  path: Assets/Cube.008Theme.asset
  artifactKey: Guid(5c15ec83e12ccce4a812d837d170e077) Importer(815301076,1909f56bfc062723c751e8b465ee728b)
Start importing Assets/Cube.008Theme.asset using Guid(5c15ec83e12ccce4a812d837d170e077) Importer(815301076,1909f56bfc062723c751e8b465ee728b)  -> (artifact id: '25df581574e74646cf7cb185ab640fb1') in 0.009074 seconds 
========================================================================
Received Import Request.
  Time since last request: 0.000241 seconds.
  path: Assets/Alarm001_UpdatedPSRTheme.asset
  artifactKey: Guid(8036d33b3df03b844a9ed897630789ef) Importer(815301076,1909f56bfc062723c751e8b465ee728b)
Start importing Assets/Alarm001_UpdatedPSRTheme.asset using Guid(8036d33b3df03b844a9ed897630789ef) Importer(815301076,1909f56bfc062723c751e8b465ee728b)  -> (artifact id: '7461ca0a22d40704a09f3470b6be6547') in 0.009817 seconds 
========================================================================
Received Import Request.
  Time since last request: 0.000251 seconds.
  path: Assets/Cylinder.001Theme.asset
  artifactKey: Guid(ec86c4c866f4d6c4795c8b0b7b7aded0) Importer(815301076,1909f56bfc062723c751e8b465ee728b)
Start importing Assets/Cylinder.001Theme.asset using Guid(ec86c4c866f4d6c4795c8b0b7b7aded0) Importer(815301076,1909f56bfc062723c751e8b465ee728b)  -> (artifact id: '1eccfdf68407b4d3a020cdbcfa072367') in 0.010074 seconds 
========================================================================
Received Import Request.
  Time since last request: 0.000250 seconds.
  path: Assets/Base_01.002Theme.asset
  artifactKey: Guid(a9ca2edcbae03164fa27d23048349989) Importer(815301076,1909f56bfc062723c751e8b465ee728b)
Start importing Assets/Base_01.002Theme.asset using Guid(a9ca2edcbae03164fa27d23048349989) Importer(815301076,1909f56bfc062723c751e8b465ee728b)  -> (artifact id: 'bbfc1a6f5de8be936a96d4402f9f7f27') in 0.007504 seconds 
========================================================================
Received Import Request.
  Time since last request: 0.000216 seconds.
  path: Assets/Base_01Theme.asset
  artifactKey: Guid(1eda9cd12b342e54ca60489586501391) Importer(815301076,1909f56bfc062723c751e8b465ee728b)
Start importing Assets/Base_01Theme.asset using Guid(1eda9cd12b342e54ca60489586501391) Importer(815301076,1909f56bfc062723c751e8b465ee728b)  -> (artifact id: 'bebfd512252b389500958f86882f0288') in 0.008500 seconds 
========================================================================
Received Import Request.
  Time since last request: 0.000224 seconds.
  path: Assets/helthTheme.asset
  artifactKey: Guid(28a367b27cc7462458cbde3cd67f6e98) Importer(815301076,1909f56bfc062723c751e8b465ee728b)
Start importing Assets/helthTheme.asset using Guid(28a367b27cc7462458cbde3cd67f6e98) Importer(815301076,1909f56bfc062723c751e8b465ee728b)  -> (artifact id: 'e39c558811b2765710ddea050dfc76fd') in 0.007868 seconds 
========================================================================
Received Import Request.
  Time since last request: 0.000260 seconds.
  path: Assets/AED pad1Theme.asset
  artifactKey: Guid(c1d7b06687f6abb4cb007f20d9132f7f) Importer(815301076,1909f56bfc062723c751e8b465ee728b)
Start importing Assets/AED pad1Theme.asset using Guid(c1d7b06687f6abb4cb007f20d9132f7f) Importer(815301076,1909f56bfc062723c751e8b465ee728b)  -> (artifact id: '6086baf8b393ce8fdadf588bc5aa1e74') in 0.007289 seconds 
========================================================================
Received Import Request.
  Time since last request: 0.000210 seconds.
  path: Assets/AED pad2Theme.asset
  artifactKey: Guid(3e195179ae6ad7549ad7624e2a83502d) Importer(815301076,1909f56bfc062723c751e8b465ee728b)
Start importing Assets/AED pad2Theme.asset using Guid(3e195179ae6ad7549ad7624e2a83502d) Importer(815301076,1909f56bfc062723c751e8b465ee728b)  -> (artifact id: '103658e45a37765abdf126bbbfe3bf4f') in 0.010886 seconds 
========================================================================
Received Prepare
Registering precompiled user dll's ...
Registered in 0.022035 seconds.
Begin MonoManager ReloadAssembly
Native extension for WindowsStandalone target not found
Refreshing native plugins compatible for Editor in 1.06 ms, found 10 plugins.
Preloading 0 native plugins for Editor in 0.00 ms.
Error when attempting to update scene info fields. Scene info data may be stale.
UnityEngine.StackTraceUtility:ExtractStackTrace ()
UnityEngine.DebugLogHandler:LogFormat (UnityEngine.LogType,UnityEngine.Object,string,object[])
UnityEngine.Logger:Log (UnityEngine.LogType,object)
UnityEngine.Debug:LogWarning (object)
Microsoft.MixedReality.Toolkit.Editor.SceneInfoUtils:RefreshSceneInfoFieldsInScriptableObjects () (at Assets/MRTK/Core/Inspectors/PropertyDrawers/SceneInfoUtils.cs:313)
Microsoft.MixedReality.Toolkit.Editor.SceneInfoUtils:InitializeOnLoad () (at Assets/MRTK/Core/Inspectors/PropertyDrawers/SceneInfoUtils.cs:231)
System.Reflection.MonoMethod:Invoke (object,System.Reflection.BindingFlags,System.Reflection.Binder,object[],System.Globalization.CultureInfo)
System.Reflection.MethodBase:Invoke (object,object[])
UnityEditor.EditorAssemblies:ProcessInitializeOnLoadMethodAttributes ()

(Filename: Assets/MRTK/Core/Inspectors/PropertyDrawers/SceneInfoUtils.cs Line: 313)

[XR] [MROpenXR][Info   ][20:05:12.957854][tid:75ac] MicrosoftOpenXRPlugin_SetPluginEnvironment unityVersion=2020.3.30f1
[XR] [MROpenXR][Info   ][20:05:12.958889][tid:75ac] MicrosoftOpenXRPlugin_SetPluginEnvironment openXRPluginVersion=1.3.1
[XR] [MROpenXR][Info   ][20:05:12.959013][tid:75ac] MicrosoftOpenXRPlugin_SetPluginEnvironment mrOpenXRPluginVersion=1.3.1.0
[XR] [MROpenXR][Info   ][20:05:12.959142][tid:75ac] OnPluginStarted UnityVersion=2020.3.30f1 OpenXRPluginVersion=1.3.1 MROpenXRPluginVersion=1.3.1.0 PartA_PrivTags=33554432
Mono: successfully reloaded assembly
- Completed reload, in  2.628 seconds
Domain Reload Profiling:
	ReloadAssembly (2628ms)
		BeginReloadAssembly (195ms)
			ExecutionOrderSort (0ms)
			DisableScriptedObjects (7ms)
			BackupInstance (0ms)
			ReleaseScriptingObjects (0ms)
			CreateAndSetChildDomain (42ms)
		EndReloadAssembly (2343ms)
			LoadAssemblies (205ms)
			RebuildTransferFunctionScriptingTraits (0ms)
			SetupTypeCache (364ms)
			ReleaseScriptCaches (1ms)
			RebuildScriptCaches (55ms)
			SetupLoadedEditorAssemblies (1541ms)
				LogAssemblyErrors (0ms)
				InitializePlatformSupportModulesInManaged (5ms)
				SetLoadedEditorAssemblies (1ms)
				RefreshPlugins (1ms)
				BeforeProcessingInitializeOnLoad (162ms)
				ProcessInitializeOnLoadAttributes (710ms)
				ProcessInitializeOnLoadMethodAttributes (642ms)
				AfterProcessingInitializeOnLoad (20ms)
				EditorAssembliesLoaded (0ms)
			ExecutionOrderSort2 (0ms)
			AwakeInstancesAfterBackupRestoration (24ms)
Platform modules already initialized, skipping
Switching build target platform(19) subTarget(0) extendedPlatform(0) -> platform(21) subTarget(3) extendedPlatform(0)
Refreshing native plugins compatible for Editor in 1.00 ms, found 10 plugins.
Preloading 0 native plugins for Editor in 0.00 ms.
Unloading 3910 Unused Serialized files (Serialized files now loaded: 0)
System memory in use before: 244.7 MB.
System memory in use after: 243.0 MB.

Unloading 2049 unused Assets to reduce memory usage. Loaded Objects now: 4261.
Total: 7.303300 ms (FindLiveObjects: 0.750400 ms CreateObjectMapping: 0.216900 ms MarkObjects: 3.483100 ms  DeleteObjects: 2.851000 ms)

AssetImportParameters requested are different than current active one (requested -> active):
  custom:framework-win-MediaFoundation: 216162199b28c13a410421893ffa2e32 -> 
  custom:video-decoder-ogg-theora: a1e56fd34408186e4bbccfd4996cb3dc -> 
  custom:container-muxer-webm: aa71ff27fc2769a1b78a27578f13a17b -> 
  custom:container-demuxer-webm: 4f35f7cbe854078d1ac9338744f61a02 -> 
  custom:container-demuxer-ogg: 62fdf1f143b41e24485cea50d1cbac27 -> 
  custom:video-encoder-webm-vp8: eb34c28f22e8b96e1ab97ce403110664 -> 
  custom:video-decoder-webm-vp8: 9c59270c3fd7afecdb556c50c9e8de78 -> 
  custom:audio-decoder-ogg-vorbis: bf7c407c2cedff20999df2af8eb42d56 -> 
  custom:audio-encoder-webm-vorbis: bf7c407c2cedff20999df2af8eb42d56 -> 
========================================================================
Received Import Request.
  Time since last request: 27.162594 seconds.
  path: Assets/source/AED.3ds
  artifactKey: Guid(ae030768055742d4ca82196060af95ed) Importer(815301076,1909f56bfc062723c751e8b465ee728b)
Start importing Assets/source/AED.3ds using Guid(ae030768055742d4ca82196060af95ed) Importer(815301076,1909f56bfc062723c751e8b465ee728b)  -> (artifact id: '6b9ec2f6ca45f9c9c8aa17459dc48928') in 0.403387 seconds 
========================================================================
Received Import Request.
  Time since last request: 0.000245 seconds.
  path: Assets/source/fireExt3 1.mat
  artifactKey: Guid(65706d733c5877e4d907149a90702be9) Importer(815301076,1909f56bfc062723c751e8b465ee728b)
Start importing Assets/source/fireExt3 1.mat using Guid(65706d733c5877e4d907149a90702be9) Importer(815301076,1909f56bfc062723c751e8b465ee728b)  -> (artifact id: '0a62fb009308fc027b9c5fde15d0bfc9') in 0.023059 seconds 
========================================================================
Received Import Request.
  Time since last request: 0.000259 seconds.
  path: Assets/source/Line.fbx
  artifactKey: Guid(246da8b8124783d4d91c6320517ae669) Importer(815301076,1909f56bfc062723c751e8b465ee728b)
Start importing Assets/source/Line.fbx using Guid(246da8b8124783d4d91c6320517ae669) Importer(815301076,1909f56bfc062723c751e8b465ee728b)  -> (artifact id: '26c55b7224e553edc8f6f75479342479') in 0.186792 seconds 
========================================================================
Received Import Request.
  Time since last request: 0.000242 seconds.
  path: Assets/source/helth2.fbx
  artifactKey: Guid(70c18019c0c7cc048ad7c010f187fc24) Importer(815301076,1909f56bfc062723c751e8b465ee728b)
Start importing Assets/source/helth2.fbx using Guid(70c18019c0c7cc048ad7c010f187fc24) Importer(815301076,1909f56bfc062723c751e8b465ee728b)  -> (artifact id: 'bb88141bb7ed979fefb0860f430a27e7') in 0.116537 seconds 
========================================================================
Received Import Request.
  Time since last request: 0.000280 seconds.
  path: Assets/source/AED1.fbx
  artifactKey: Guid(a3839733577b1f74f9f20fb09daf339a) Importer(815301076,1909f56bfc062723c751e8b465ee728b)
Start importing Assets/source/AED1.fbx using Guid(a3839733577b1f74f9f20fb09daf339a) Importer(815301076,1909f56bfc062723c751e8b465ee728b)  -> (artifact id: '9c135cbae4ce6b365090a2831b5fcd73') in 0.253629 seconds 
========================================================================
Received Import Request.
  Time since last request: 0.000302 seconds.
  path: Assets/source/untitled6.fbx
  artifactKey: Guid(f172e879ba1e88a4183025a0d71e1ca5) Importer(815301076,1909f56bfc062723c751e8b465ee728b)
Start importing Assets/source/untitled6.fbx using Guid(f172e879ba1e88a4183025a0d71e1ca5) Importer(815301076,1909f56bfc062723c751e8b465ee728b)  -> (artifact id: '860579243c832afe142dfd12e87e9263') in 0.153596 seconds 
========================================================================
Received Import Request.
  Time since last request: 0.000238 seconds.
  path: Assets/source/helth.fbx
  artifactKey: Guid(90ab73dc9a3c43c4d8db4fc9661facbf) Importer(815301076,1909f56bfc062723c751e8b465ee728b)
Start importing Assets/source/helth.fbx using Guid(90ab73dc9a3c43c4d8db4fc9661facbf) Importer(815301076,1909f56bfc062723c751e8b465ee728b)  -> (artifact id: '169b8d69de28a665026adf620ae42c45') in 0.113190 seconds 
========================================================================
Received Import Request.
  Time since last request: 0.000316 seconds.
  path: Assets/source/fireExt3 2.mat
  artifactKey: Guid(d3f38ca9262baef41a0aa4e175bbc996) Importer(815301076,1909f56bfc062723c751e8b465ee728b)
Start importing Assets/source/fireExt3 2.mat using Guid(d3f38ca9262baef41a0aa4e175bbc996) Importer(815301076,1909f56bfc062723c751e8b465ee728b)  -> (artifact id: 'f25bd814a155eb6d4ace24a1384851be') in 0.015624 seconds 
========================================================================
Received Import Request.
  Time since last request: 0.000213 seconds.
  path: Assets/source/fireExt3.fbx
  artifactKey: Guid(9bf2d133dfc566d4f940c6adeccedb49) Importer(815301076,1909f56bfc062723c751e8b465ee728b)
Start importing Assets/source/fireExt3.fbx using Guid(9bf2d133dfc566d4f940c6adeccedb49) Importer(815301076,1909f56bfc062723c751e8b465ee728b)  -> (artifact id: '8a1c8c925f501e9a7d575b9a85544fb5') in 0.128645 seconds 
========================================================================
Received Import Request.
  Time since last request: 0.000295 seconds.
  path: Assets/source/untitled3.fbx
  artifactKey: Guid(eddd9883b7a9d6741b12fb2b6e9c8f6e) Importer(815301076,1909f56bfc062723c751e8b465ee728b)
Start importing Assets/source/untitled3.fbx using Guid(eddd9883b7a9d6741b12fb2b6e9c8f6e) Importer(815301076,1909f56bfc062723c751e8b465ee728b)  -> (artifact id: '1541b1ced3b8b3d13e892398fb9d4e68') in 0.147045 seconds 
========================================================================
Received Import Request.
  Time since last request: 0.000295 seconds.
  path: Assets/source/untitled1.fbx
  artifactKey: Guid(92d48b856a0e7c84da7e3ad7fc40031e) Importer(815301076,1909f56bfc062723c751e8b465ee728b)
Start importing Assets/source/untitled1.fbx using Guid(92d48b856a0e7c84da7e3ad7fc40031e) Importer(815301076,1909f56bfc062723c751e8b465ee728b)  -> (artifact id: 'f331de2c26e52f0cbd0d57fb0895fbbb') in 0.117611 seconds 
========================================================================
Received Import Request.
  Time since last request: 0.000273 seconds.
  path: Assets/source/untitled4.fbx
  artifactKey: Guid(d49c880186bee64469090bf0db7323d9) Importer(815301076,1909f56bfc062723c751e8b465ee728b)
Start importing Assets/source/untitled4.fbx using Guid(d49c880186bee64469090bf0db7323d9) Importer(815301076,1909f56bfc062723c751e8b465ee728b)  -> (artifact id: '25b0b5d34bdbf43dee5e685dfa2df6ba') in 0.131709 seconds 
========================================================================
Received Import Request.
  Time since last request: 0.000258 seconds.
  path: Assets/source/fireExt3.mat
  artifactKey: Guid(fb4fc64b0e6f7b8469c2ce3c31a0cf19) Importer(815301076,1909f56bfc062723c751e8b465ee728b)
Start importing Assets/source/fireExt3.mat using Guid(fb4fc64b0e6f7b8469c2ce3c31a0cf19) Importer(815301076,1909f56bfc062723c751e8b465ee728b)  -> (artifact id: '9dbb8c56de94de1f1612be6764de2c8e') in 0.014151 seconds 
========================================================================
Received Import Request.
  Time since last request: 0.000200 seconds.
  path: Assets/source/Dying Backwards (1).fbx
  artifactKey: Guid(8458d8e8920783f4aa06b51f7e8eab5d) Importer(815301076,1909f56bfc062723c751e8b465ee728b)
Start importing Assets/source/Dying Backwards (1).fbx using Guid(8458d8e8920783f4aa06b51f7e8eab5d) Importer(815301076,1909f56bfc062723c751e8b465ee728b)  -> (artifact id: '41ee4cccf13e229481068d1cb10de709') in 0.165768 seconds 
========================================================================
Received Import Request.
  Time since last request: 0.000262 seconds.
  path: Assets/source/AED2.fbx
  artifactKey: Guid(200d92790de84de4eb21da131743b5a9) Importer(815301076,1909f56bfc062723c751e8b465ee728b)
Start importing Assets/source/AED2.fbx using Guid(200d92790de84de4eb21da131743b5a9) Importer(815301076,1909f56bfc062723c751e8b465ee728b)  -> (artifact id: '4c0c78ac767cd458a6328addb6042461') in 0.242364 seconds 
========================================================================
Received Import Request.
  Time since last request: 0.000265 seconds.
  path: Assets/source/untitled7.fbx
  artifactKey: Guid(9f9697fc9be40d14bb54ecc97bdbfe04) Importer(815301076,1909f56bfc062723c751e8b465ee728b)
Start importing Assets/source/untitled7.fbx using Guid(9f9697fc9be40d14bb54ecc97bdbfe04) Importer(815301076,1909f56bfc062723c751e8b465ee728b)  -> (artifact id: 'caf7ede8c728039f3d13f506ceb687b8') in 0.153651 seconds 
========================================================================
Received Import Request.
  Time since last request: 0.000247 seconds.
  path: Assets/source/Window.fbx
  artifactKey: Guid(60d9a62929219954a8dab3aec0a58479) Importer(815301076,1909f56bfc062723c751e8b465ee728b)
Start importing Assets/source/Window.fbx using Guid(60d9a62929219954a8dab3aec0a58479) Importer(815301076,1909f56bfc062723c751e8b465ee728b)  -> (artifact id: '8a4fdef1cdffae232a3b93013d4ad72f') in 0.059743 seconds 
========================================================================
Received Import Request.
  Time since last request: 0.000296 seconds.
  path: Assets/source/fireExt3 3.mat
  artifactKey: Guid(3cdfcdf934b92d043b38714db465ec95) Importer(815301076,1909f56bfc062723c751e8b465ee728b)
Start importing Assets/source/fireExt3 3.mat using Guid(3cdfcdf934b92d043b38714db465ec95) Importer(815301076,1909f56bfc062723c751e8b465ee728b)  -> (artifact id: '76cf1240ac7733b45c21a041ae00c771') in 0.014704 seconds 
========================================================================
Received Import Request.
  Time since last request: 0.000214 seconds.
  path: Assets/source/FireAlarm.obj
  artifactKey: Guid(e15bff7dfe27544498a4211570238637) Importer(815301076,1909f56bfc062723c751e8b465ee728b)
Start importing Assets/source/FireAlarm.obj using Guid(e15bff7dfe27544498a4211570238637) Importer(815301076,1909f56bfc062723c751e8b465ee728b)  -> (artifact id: '9ded4c35c51b10fb9893fb252fcf2ca2') in 0.036317 seconds 
========================================================================
Received Import Request.
  Time since last request: 0.000262 seconds.
  path: Assets/source/fireExt3 4.mat
  artifactKey: Guid(ff315d22ee6e2694eb30d7662e1a1bdc) Importer(815301076,1909f56bfc062723c751e8b465ee728b)
Start importing Assets/source/fireExt3 4.mat using Guid(ff315d22ee6e2694eb30d7662e1a1bdc) Importer(815301076,1909f56bfc062723c751e8b465ee728b)  -> (artifact id: 'd1f323e4b4947ff53b59bf14006fb622') in 0.015855 seconds 
========================================================================
Received Import Request.
  Time since last request: 0.000260 seconds.
  path: Assets/source/Dying Backwards (2).fbx
  artifactKey: Guid(1b10f9f0c62aed749b93cd9aee5137ec) Importer(815301076,1909f56bfc062723c751e8b465ee728b)
Start importing Assets/source/Dying Backwards (2).fbx using Guid(1b10f9f0c62aed749b93cd9aee5137ec) Importer(815301076,1909f56bfc062723c751e8b465ee728b)  -> (artifact id: 'cbee0718ea1be966f5e4ad70aec2976c') in 0.037945 seconds 
========================================================================
Received Import Request.
  Time since last request: 7.077549 seconds.
  path: Assets/source/AED_MAPS
  artifactKey: Guid(f8fb30633e1dd4a45b51c8836b5bca09) Importer(815301076,1909f56bfc062723c751e8b465ee728b)
Start importing Assets/source/AED_MAPS using Guid(f8fb30633e1dd4a45b51c8836b5bca09) Importer(815301076,1909f56bfc062723c751e8b465ee728b)  -> (artifact id: '61d36088c9140866425207d993bb867a') in 0.005654 seconds 
========================================================================
Received Import Request.
  Time since last request: 0.046472 seconds.
  path: Assets/source/AED_MAPS/AED_batD.jpg
  artifactKey: Guid(f1a6075a2e453394ba501ab216794786) Importer(815301076,1909f56bfc062723c751e8b465ee728b)
Start importing Assets/source/AED_MAPS/AED_batD.jpg using Guid(f1a6075a2e453394ba501ab216794786) Importer(815301076,1909f56bfc062723c751e8b465ee728b)  -> (artifact id: 'bac5fce84433d8548636a276956c8c76') in 0.044587 seconds 
========================================================================
Received Import Request.
  Time since last request: 0.000266 seconds.
  path: Assets/source/AED_MAPS/AED_scn3.gif
  artifactKey: Guid(1fa6a3566087a0f4485f2af641c730a3) Importer(815301076,1909f56bfc062723c751e8b465ee728b)
Start importing Assets/source/AED_MAPS/AED_scn3.gif using Guid(1fa6a3566087a0f4485f2af641c730a3) Importer(815301076,1909f56bfc062723c751e8b465ee728b)  -> (artifact id: 'b7e9a9d0705fe1d396c3d3bc8cd0dcea') in 0.019048 seconds 
========================================================================
Received Import Request.
  Time since last request: 0.000248 seconds.
  path: Assets/source/AED_MAPS/AED_scn1.gif
  artifactKey: Guid(2639cd82341b70c4398c2360d8a7fe7d) Importer(815301076,1909f56bfc062723c751e8b465ee728b)
Start importing Assets/source/AED_MAPS/AED_scn1.gif using Guid(2639cd82341b70c4398c2360d8a7fe7d) Importer(815301076,1909f56bfc062723c751e8b465ee728b)  -> (artifact id: '68acc06ee9fa2eda5782deeb6835da0d') in 0.013661 seconds 
========================================================================
Received Import Request.
  Time since last request: 0.000262 seconds.
  path: Assets/source/AED_MAPS/AED_wrpD.jpg
  artifactKey: Guid(3584232166d0b2842b67c7930d9389ec) Importer(815301076,1909f56bfc062723c751e8b465ee728b)
Start importing Assets/source/AED_MAPS/AED_wrpD.jpg using Guid(3584232166d0b2842b67c7930d9389ec) Importer(815301076,1909f56bfc062723c751e8b465ee728b)  -> (artifact id: '6819a574f024e72005d97e8c4adca041') in 0.016626 seconds 
========================================================================
Received Import Request.
  Time since last request: 0.000276 seconds.
  path: Assets/source/AED_MAPS/AED_wrpM.jpg
  artifactKey: Guid(dd2617445f58b9149bb482c2b14435a3) Importer(815301076,1909f56bfc062723c751e8b465ee728b)
Start importing Assets/source/AED_MAPS/AED_wrpM.jpg using Guid(dd2617445f58b9149bb482c2b14435a3) Importer(815301076,1909f56bfc062723c751e8b465ee728b)  -> (artifact id: '2dd6f738504707d587c0d9e9d3ccb44c') in 0.015619 seconds 
========================================================================
Received Import Request.
  Time since last request: 0.000229 seconds.
  path: Assets/source/AED_MAPS/AED_bezD.jpg
  artifactKey: Guid(a6e1513e3e4bc1b41a7f22619e7f1bbd) Importer(815301076,1909f56bfc062723c751e8b465ee728b)
Start importing Assets/source/AED_MAPS/AED_bezD.jpg using Guid(a6e1513e3e4bc1b41a7f22619e7f1bbd) Importer(815301076,1909f56bfc062723c751e8b465ee728b)  -> (artifact id: '45e28091145a374ec02acda86d542391') in 0.014460 seconds 
========================================================================
Received Import Request.
  Time since last request: 0.000228 seconds.
  path: Assets/source/AED_MAPS/AED_scn4.gif
  artifactKey: Guid(9e0e82bf4169f464d9e3a87be93165ad) Importer(815301076,1909f56bfc062723c751e8b465ee728b)
Start importing Assets/source/AED_MAPS/AED_scn4.gif using Guid(9e0e82bf4169f464d9e3a87be93165ad) Importer(815301076,1909f56bfc062723c751e8b465ee728b)  -> (artifact id: 'cd7f953e052f46e7c35f03998fef47d5') in 0.013275 seconds 
========================================================================
Received Import Request.
  Time since last request: 0.000332 seconds.
  path: Assets/source/AED_MAPS/AED_sbtn.jpg
  artifactKey: Guid(78a5d18b07388b743888746ab8956569) Importer(815301076,1909f56bfc062723c751e8b465ee728b)
Start importing Assets/source/AED_MAPS/AED_sbtn.jpg using Guid(78a5d18b07388b743888746ab8956569) Importer(815301076,1909f56bfc062723c751e8b465ee728b)  -> (artifact id: 'e8bf60f1c435232d7bce64c506b602f5') in 0.014795 seconds 
========================================================================
Received Import Request.
  Time since last request: 0.000304 seconds.
  path: Assets/source/AED_MAPS/AED_scn5.gif
  artifactKey: Guid(15bf555dbf183844aabab79f5cf07fcf) Importer(815301076,1909f56bfc062723c751e8b465ee728b)
Start importing Assets/source/AED_MAPS/AED_scn5.gif using Guid(15bf555dbf183844aabab79f5cf07fcf) Importer(815301076,1909f56bfc062723c751e8b465ee728b)  -> (artifact id: '77af243e934a956e2f6da6ecfd707048') in 0.014652 seconds 
========================================================================
Received Import Request.
  Time since last request: 0.000240 seconds.
  path: Assets/source/AED_MAPS/AED_p2D.jpg
  artifactKey: Guid(999ff00b4210a674da149262648997b3) Importer(815301076,1909f56bfc062723c751e8b465ee728b)
Start importing Assets/source/AED_MAPS/AED_p2D.jpg using Guid(999ff00b4210a674da149262648997b3) Importer(815301076,1909f56bfc062723c751e8b465ee728b)  -> (artifact id: '24b7ad376de4858513c54f5f63b452c1') in 0.014529 seconds 
========================================================================
Received Import Request.
  Time since last request: 0.000220 seconds.
  path: Assets/source/AED_MAPS/AED_lidD.jpg
  artifactKey: Guid(7409e383d0055cd4087998e2d6ced115) Importer(815301076,1909f56bfc062723c751e8b465ee728b)
Start importing Assets/source/AED_MAPS/AED_lidD.jpg using Guid(7409e383d0055cd4087998e2d6ced115) Importer(815301076,1909f56bfc062723c751e8b465ee728b)  -> (artifact id: '8f83fbcf9c5a0e0f635e520055f784c2') in 0.016821 seconds 
========================================================================
Received Import Request.
  Time since last request: 0.000247 seconds.
  path: Assets/source/AED_MAPS/AED_scn2.gif
  artifactKey: Guid(8416339470e40c845b6805afae4e5bc8) Importer(815301076,1909f56bfc062723c751e8b465ee728b)
Start importing Assets/source/AED_MAPS/AED_scn2.gif using Guid(8416339470e40c845b6805afae4e5bc8) Importer(815301076,1909f56bfc062723c751e8b465ee728b)  -> (artifact id: 'a4e8a666d00c5795ab49fb07195523a7') in 0.013830 seconds 
========================================================================
Received Import Request.
  Time since last request: 0.000300 seconds.
  path: Assets/source/AED_MAPS/AED_mkey.jpg
  artifactKey: Guid(1032b1ccb8af8ff44a4954967ee08355) Importer(815301076,1909f56bfc062723c751e8b465ee728b)
Start importing Assets/source/AED_MAPS/AED_mkey.jpg using Guid(1032b1ccb8af8ff44a4954967ee08355) Importer(815301076,1909f56bfc062723c751e8b465ee728b)  -> (artifact id: '16f46a7c32352f25e3aa71696d9e76af') in 0.014206 seconds 
========================================================================
Received Import Request.
  Time since last request: 0.000256 seconds.
  path: Assets/source/AED_MAPS/AED_scn6.gif
  artifactKey: Guid(5a45e8b6983144c489a7b8aa79a35da7) Importer(815301076,1909f56bfc062723c751e8b465ee728b)
Start importing Assets/source/AED_MAPS/AED_scn6.gif using Guid(5a45e8b6983144c489a7b8aa79a35da7) Importer(815301076,1909f56bfc062723c751e8b465ee728b)  -> (artifact id: '45081dd667919b1b13fe05ee62728f47') in 0.015040 seconds 
========================================================================
Received Import Request.
  Time since last request: 0.000217 seconds.
  path: Assets/source/AED_MAPS/AED_p1D.jpg
  artifactKey: Guid(4fb905eb0ea72b742b969d1a9c74c1c3) Importer(815301076,1909f56bfc062723c751e8b465ee728b)
Start importing Assets/source/AED_MAPS/AED_p1D.jpg using Guid(4fb905eb0ea72b742b969d1a9c74c1c3) Importer(815301076,1909f56bfc062723c751e8b465ee728b)  -> (artifact id: '76d50e23392f18b0e8861d0c2a5b59a8') in 0.014711 seconds 
========================================================================
Received Import Request.
  Time since last request: 0.000245 seconds.
  path: Assets/source/AED_MAPS/AED_lidM.jpg
  artifactKey: Guid(7d2d1bfe36bd16846877eaa53e1f8e66) Importer(815301076,1909f56bfc062723c751e8b465ee728b)
Start importing Assets/source/AED_MAPS/AED_lidM.jpg using Guid(7d2d1bfe36bd16846877eaa53e1f8e66) Importer(815301076,1909f56bfc062723c751e8b465ee728b)  -> (artifact id: 'b58aa22b48dbc801c73e71e7a4f54f9d') in 0.014771 seconds 
========================================================================
Received Import Request.
  Time since last request: 0.000229 seconds.
  path: Assets/source/AED_MAPS/AED_batM.jpg
  artifactKey: Guid(a029f8a78b84e764c9c9af864b387cce) Importer(815301076,1909f56bfc062723c751e8b465ee728b)
Start importing Assets/source/AED_MAPS/AED_batM.jpg using Guid(a029f8a78b84e764c9c9af864b387cce) Importer(815301076,1909f56bfc062723c751e8b465ee728b)  -> (artifact id: '3931df79255226e3741bca2a50a69caa') in 0.012497 seconds 
========================================================================
Received Import Request.
  Time since last request: 0.000255 seconds.
  path: Assets/source/AED_MAPS/AED_bezB.jpg
  artifactKey: Guid(1385d7092675aca4094c4b8f22a8e8e2) Importer(815301076,1909f56bfc062723c751e8b465ee728b)
Start importing Assets/source/AED_MAPS/AED_bezB.jpg using Guid(1385d7092675aca4094c4b8f22a8e8e2) Importer(815301076,1909f56bfc062723c751e8b465ee728b)  -> (artifact id: '3cecb3d2bae25bc4040bbbd93ccfdad8') in 0.014195 seconds 
========================================================================
Received Import Request.
  Time since last request: 22.981873 seconds.
  path: Assets/source/AED_MAPS/AED_bezB.jpg
  artifactKey: Guid(1385d7092675aca4094c4b8f22a8e8e2) Importer(815301076,1909f56bfc062723c751e8b465ee728b)
Start importing Assets/source/AED_MAPS/AED_bezB.jpg using Guid(1385d7092675aca4094c4b8f22a8e8e2) Importer(815301076,1909f56bfc062723c751e8b465ee728b)  -> (artifact id: '0597e915ac6b0dc6bc69ec8783f1b946') in 0.018140 seconds 
========================================================================
Received Import Request.
  Time since last request: 39.302278 seconds.
  path: Assets/source/AED.3ds
  artifactKey: Guid(ae030768055742d4ca82196060af95ed) Importer(815301076,1909f56bfc062723c751e8b465ee728b)
Start importing Assets/source/AED.3ds using Guid(ae030768055742d4ca82196060af95ed) Importer(815301076,1909f56bfc062723c751e8b465ee728b)  -> (artifact id: 'd6869acfc075673a37b76e0e3e88b66b') in 0.266671 seconds 
========================================================================
Received Import Request.
  Time since last request: 0.000299 seconds.
  path: Assets/source/AED1.fbx
  artifactKey: Guid(a3839733577b1f74f9f20fb09daf339a) Importer(815301076,1909f56bfc062723c751e8b465ee728b)
Start importing Assets/source/AED1.fbx using Guid(a3839733577b1f74f9f20fb09daf339a) Importer(815301076,1909f56bfc062723c751e8b465ee728b)  -> (artifact id: 'efe78a13e0985bdec03969f8a51249bc') in 0.263216 seconds 
========================================================================
Received Import Request.
  Time since last request: 0.000288 seconds.
  path: Assets/source/AED2.fbx
  artifactKey: Guid(200d92790de84de4eb21da131743b5a9) Importer(815301076,1909f56bfc062723c751e8b465ee728b)
Start importing Assets/source/AED2.fbx using Guid(200d92790de84de4eb21da131743b5a9) Importer(815301076,1909f56bfc062723c751e8b465ee728b)  -> (artifact id: 'f5d6d6372de6405f6ab39e33c76beaca') in 0.260316 seconds 
========================================================================
Received Import Request.
  Time since last request: 0.667226 seconds.
  path: Assets/Script/childCount.cs
  artifactKey: Guid(3328a69a68eb5f94e812e3de3d3c3a32) Importer(815301076,1909f56bfc062723c751e8b465ee728b)
Start importing Assets/Script/childCount.cs using Guid(3328a69a68eb5f94e812e3de3d3c3a32) Importer(815301076,1909f56bfc062723c751e8b465ee728b)  -> (artifact id: '3794f2eefe35267bf87bd7df0dfc85f8') in 0.016518 seconds 
========================================================================
Received Import Request.
  Time since last request: 269.871963 seconds.
  path: Assets/Script/childCount.cs
  artifactKey: Guid(3328a69a68eb5f94e812e3de3d3c3a32) Importer(815301076,1909f56bfc062723c751e8b465ee728b)
Start importing Assets/Script/childCount.cs using Guid(3328a69a68eb5f94e812e3de3d3c3a32) Importer(815301076,1909f56bfc062723c751e8b465ee728b)  -> (artifact id: '8bf38f8df7d82f41fa672f09094e5a3d') in 0.005906 seconds 
========================================================================
Received Prepare
Registering precompiled user dll's ...
Registered in 0.025711 seconds.
Begin MonoManager ReloadAssembly
Native extension for WindowsStandalone target not found
Refreshing native plugins compatible for Editor in 0.78 ms, found 10 plugins.
Preloading 0 native plugins for Editor in 0.00 ms.
Error when attempting to update scene info fields. Scene info data may be stale.
UnityEngine.StackTraceUtility:ExtractStackTrace ()
UnityEngine.DebugLogHandler:LogFormat (UnityEngine.LogType,UnityEngine.Object,string,object[])
UnityEngine.Logger:Log (UnityEngine.LogType,object)
UnityEngine.Debug:LogWarning (object)
Microsoft.MixedReality.Toolkit.Editor.SceneInfoUtils:RefreshSceneInfoFieldsInScriptableObjects () (at Assets/MRTK/Core/Inspectors/PropertyDrawers/SceneInfoUtils.cs:313)
Microsoft.MixedReality.Toolkit.Editor.SceneInfoUtils:InitializeOnLoad () (at Assets/MRTK/Core/Inspectors/PropertyDrawers/SceneInfoUtils.cs:231)
System.Reflection.MonoMethod:Invoke (object,System.Reflection.BindingFlags,System.Reflection.Binder,object[],System.Globalization.CultureInfo)
System.Reflection.MethodBase:Invoke (object,object[])
UnityEditor.EditorAssemblies:ProcessInitializeOnLoadMethodAttributes ()

(Filename: Assets/MRTK/Core/Inspectors/PropertyDrawers/SceneInfoUtils.cs Line: 313)

[XR] [MROpenXR][Info   ][20:11:16.523781][tid:75ac] MicrosoftOpenXRPlugin_SetPluginEnvironment unityVersion=2020.3.30f1
[XR] [MROpenXR][Info   ][20:11:16.524696][tid:75ac] MicrosoftOpenXRPlugin_SetPluginEnvironment openXRPluginVersion=1.3.1
[XR] [MROpenXR][Info   ][20:11:16.524787][tid:75ac] MicrosoftOpenXRPlugin_SetPluginEnvironment mrOpenXRPluginVersion=1.3.1.0
[XR] [MROpenXR][Info   ][20:11:16.524878][tid:75ac] OnPluginStarted UnityVersion=2020.3.30f1 OpenXRPluginVersion=1.3.1 MROpenXRPluginVersion=1.3.1.0 PartA_PrivTags=33554432
Mono: successfully reloaded assembly
- Completed reload, in  2.439 seconds
Domain Reload Profiling:
	ReloadAssembly (2440ms)
		BeginReloadAssembly (184ms)
			ExecutionOrderSort (0ms)
			DisableScriptedObjects (5ms)
			BackupInstance (0ms)
			ReleaseScriptingObjects (0ms)
			CreateAndSetChildDomain (40ms)
		EndReloadAssembly (2168ms)
			LoadAssemblies (209ms)
			RebuildTransferFunctionScriptingTraits (0ms)
			SetupTypeCache (316ms)
			ReleaseScriptCaches (1ms)
			RebuildScriptCaches (45ms)
			SetupLoadedEditorAssemblies (1424ms)
				LogAssemblyErrors (0ms)
				InitializePlatformSupportModulesInManaged (4ms)
				SetLoadedEditorAssemblies (0ms)
				RefreshPlugins (1ms)
				BeforeProcessingInitializeOnLoad (165ms)
				ProcessInitializeOnLoadAttributes (627ms)
				ProcessInitializeOnLoadMethodAttributes (607ms)
				AfterProcessingInitializeOnLoad (19ms)
				EditorAssembliesLoaded (0ms)
			ExecutionOrderSort2 (0ms)
			AwakeInstancesAfterBackupRestoration (17ms)
Platform modules already initialized, skipping
Switching build target platform(19) subTarget(0) extendedPlatform(0) -> platform(21) subTarget(3) extendedPlatform(0)
Refreshing native plugins compatible for Editor in 1.08 ms, found 10 plugins.
Preloading 0 native plugins for Editor in 0.00 ms.
Unloading 3910 Unused Serialized files (Serialized files now loaded: 0)
System memory in use before: 262.5 MB.
System memory in use after: 260.9 MB.

Unloading 2050 unused Assets to reduce memory usage. Loaded Objects now: 4316.
Total: 6.703600 ms (FindLiveObjects: 0.749600 ms CreateObjectMapping: 0.186300 ms MarkObjects: 3.195800 ms  DeleteObjects: 2.570700 ms)

AssetImportParameters requested are different than current active one (requested -> active):
  custom:framework-win-MediaFoundation: 216162199b28c13a410421893ffa2e32 -> 
  custom:video-decoder-ogg-theora: a1e56fd34408186e4bbccfd4996cb3dc -> 
  custom:container-muxer-webm: aa71ff27fc2769a1b78a27578f13a17b -> 
  custom:container-demuxer-webm: 4f35f7cbe854078d1ac9338744f61a02 -> 
  custom:container-demuxer-ogg: 62fdf1f143b41e24485cea50d1cbac27 -> 
  custom:video-encoder-webm-vp8: eb34c28f22e8b96e1ab97ce403110664 -> 
  custom:video-decoder-webm-vp8: 9c59270c3fd7afecdb556c50c9e8de78 -> 
  custom:audio-decoder-ogg-vorbis: bf7c407c2cedff20999df2af8eb42d56 -> 
  custom:audio-encoder-webm-vorbis: bf7c407c2cedff20999df2af8eb42d56 -> 
========================================================================
Received Prepare
Registering precompiled user dll's ...
Registered in 0.023380 seconds.
Begin MonoManager ReloadAssembly
Native extension for WindowsStandalone target not found
Refreshing native plugins compatible for Editor in 1.12 ms, found 10 plugins.
Preloading 0 native plugins for Editor in 0.00 ms.
Error when attempting to update scene info fields. Scene info data may be stale.
UnityEngine.StackTraceUtility:ExtractStackTrace ()
UnityEngine.DebugLogHandler:LogFormat (UnityEngine.LogType,UnityEngine.Object,string,object[])
UnityEngine.Logger:Log (UnityEngine.LogType,object)
UnityEngine.Debug:LogWarning (object)
Microsoft.MixedReality.Toolkit.Editor.SceneInfoUtils:RefreshSceneInfoFieldsInScriptableObjects () (at Assets/MRTK/Core/Inspectors/PropertyDrawers/SceneInfoUtils.cs:313)
Microsoft.MixedReality.Toolkit.Editor.SceneInfoUtils:InitializeOnLoad () (at Assets/MRTK/Core/Inspectors/PropertyDrawers/SceneInfoUtils.cs:231)
System.Reflection.MonoMethod:Invoke (object,System.Reflection.BindingFlags,System.Reflection.Binder,object[],System.Globalization.CultureInfo)
System.Reflection.MethodBase:Invoke (object,object[])
UnityEditor.EditorAssemblies:ProcessInitializeOnLoadMethodAttributes ()

(Filename: Assets/MRTK/Core/Inspectors/PropertyDrawers/SceneInfoUtils.cs Line: 313)

[XR] [MROpenXR][Info   ][20:11:22.539415][tid:75ac] MicrosoftOpenXRPlugin_SetPluginEnvironment unityVersion=2020.3.30f1
[XR] [MROpenXR][Info   ][20:11:22.541075][tid:75ac] MicrosoftOpenXRPlugin_SetPluginEnvironment openXRPluginVersion=1.3.1
[XR] [MROpenXR][Info   ][20:11:22.541192][tid:75ac] MicrosoftOpenXRPlugin_SetPluginEnvironment mrOpenXRPluginVersion=1.3.1.0
[XR] [MROpenXR][Info   ][20:11:22.541300][tid:75ac] OnPluginStarted UnityVersion=2020.3.30f1 OpenXRPluginVersion=1.3.1 MROpenXRPluginVersion=1.3.1.0 PartA_PrivTags=33554432
Mono: successfully reloaded assembly
- Completed reload, in  2.842 seconds
Domain Reload Profiling:
	ReloadAssembly (2843ms)
		BeginReloadAssembly (205ms)
			ExecutionOrderSort (0ms)
			DisableScriptedObjects (7ms)
			BackupInstance (0ms)
			ReleaseScriptingObjects (0ms)
			CreateAndSetChildDomain (41ms)
		EndReloadAssembly (2535ms)
			LoadAssemblies (243ms)
			RebuildTransferFunctionScriptingTraits (0ms)
			SetupTypeCache (369ms)
			ReleaseScriptCaches (1ms)
			RebuildScriptCaches (51ms)
			SetupLoadedEditorAssemblies (1644ms)
				LogAssemblyErrors (0ms)
				InitializePlatformSupportModulesInManaged (4ms)
				SetLoadedEditorAssemblies (1ms)
				RefreshPlugins (1ms)
				BeforeProcessingInitializeOnLoad (171ms)
				ProcessInitializeOnLoadAttributes (748ms)
				ProcessInitializeOnLoadMethodAttributes (695ms)
				AfterProcessingInitializeOnLoad (23ms)
				EditorAssembliesLoaded (0ms)
			ExecutionOrderSort2 (0ms)
			AwakeInstancesAfterBackupRestoration (20ms)
Platform modules already initialized, skipping
Switching build target platform(19) subTarget(0) extendedPlatform(0) -> platform(21) subTarget(3) extendedPlatform(0)
Refreshing native plugins compatible for Editor in 1.12 ms, found 10 plugins.
Preloading 0 native plugins for Editor in 0.00 ms.
Unloading 3910 Unused Serialized files (Serialized files now loaded: 0)
System memory in use before: 262.6 MB.
System memory in use after: 261.2 MB.

Unloading 2049 unused Assets to reduce memory usage. Loaded Objects now: 4323.
Total: 8.690400 ms (FindLiveObjects: 0.890100 ms CreateObjectMapping: 0.196200 ms MarkObjects: 3.668500 ms  DeleteObjects: 3.934200 ms)

AssetImportParameters requested are different than current active one (requested -> active):
  custom:framework-win-MediaFoundation: 216162199b28c13a410421893ffa2e32 -> 
  custom:video-decoder-ogg-theora: a1e56fd34408186e4bbccfd4996cb3dc -> 
  custom:container-muxer-webm: aa71ff27fc2769a1b78a27578f13a17b -> 
  custom:container-demuxer-webm: 4f35f7cbe854078d1ac9338744f61a02 -> 
  custom:container-demuxer-ogg: 62fdf1f143b41e24485cea50d1cbac27 -> 
  custom:video-encoder-webm-vp8: eb34c28f22e8b96e1ab97ce403110664 -> 
  custom:video-decoder-webm-vp8: 9c59270c3fd7afecdb556c50c9e8de78 -> 
  custom:audio-decoder-ogg-vorbis: bf7c407c2cedff20999df2af8eb42d56 -> 
  custom:audio-encoder-webm-vorbis: bf7c407c2cedff20999df2af8eb42d56 -> 
========================================================================
Received Prepare
Registering precompiled user dll's ...
Registered in 0.025953 seconds.
Begin MonoManager ReloadAssembly
Native extension for WindowsStandalone target not found
Refreshing native plugins compatible for Editor in 0.99 ms, found 10 plugins.
Preloading 0 native plugins for Editor in 0.00 ms.
Error when attempting to update scene info fields. Scene info data may be stale.
UnityEngine.StackTraceUtility:ExtractStackTrace ()
UnityEngine.DebugLogHandler:LogFormat (UnityEngine.LogType,UnityEngine.Object,string,object[])
UnityEngine.Logger:Log (UnityEngine.LogType,object)
UnityEngine.Debug:LogWarning (object)
Microsoft.MixedReality.Toolkit.Editor.SceneInfoUtils:RefreshSceneInfoFieldsInScriptableObjects () (at Assets/MRTK/Core/Inspectors/PropertyDrawers/SceneInfoUtils.cs:313)
Microsoft.MixedReality.Toolkit.Editor.SceneInfoUtils:InitializeOnLoad () (at Assets/MRTK/Core/Inspectors/PropertyDrawers/SceneInfoUtils.cs:231)
System.Reflection.MonoMethod:Invoke (object,System.Reflection.BindingFlags,System.Reflection.Binder,object[],System.Globalization.CultureInfo)
System.Reflection.MethodBase:Invoke (object,object[])
UnityEditor.EditorAssemblies:ProcessInitializeOnLoadMethodAttributes ()

(Filename: Assets/MRTK/Core/Inspectors/PropertyDrawers/SceneInfoUtils.cs Line: 313)

[XR] [MROpenXR][Info   ][20:11:49.632431][tid:75ac] MicrosoftOpenXRPlugin_SetPluginEnvironment unityVersion=2020.3.30f1
[XR] [MROpenXR][Info   ][20:11:49.633530][tid:75ac] MicrosoftOpenXRPlugin_SetPluginEnvironment openXRPluginVersion=1.3.1
[XR] [MROpenXR][Info   ][20:11:49.633628][tid:75ac] MicrosoftOpenXRPlugin_SetPluginEnvironment mrOpenXRPluginVersion=1.3.1.0
[XR] [MROpenXR][Info   ][20:11:49.633730][tid:75ac] OnPluginStarted UnityVersion=2020.3.30f1 OpenXRPluginVersion=1.3.1 MROpenXRPluginVersion=1.3.1.0 PartA_PrivTags=33554432
Mono: successfully reloaded assembly
- Completed reload, in  2.902 seconds
Domain Reload Profiling:
	ReloadAssembly (2903ms)
		BeginReloadAssembly (210ms)
			ExecutionOrderSort (0ms)
			DisableScriptedObjects (7ms)
			BackupInstance (0ms)
			ReleaseScriptingObjects (0ms)
			CreateAndSetChildDomain (42ms)
		EndReloadAssembly (2590ms)
			LoadAssemblies (244ms)
			RebuildTransferFunctionScriptingTraits (0ms)
			SetupTypeCache (342ms)
			ReleaseScriptCaches (1ms)
			RebuildScriptCaches (53ms)
			SetupLoadedEditorAssemblies (1691ms)
				LogAssemblyErrors (0ms)
				InitializePlatformSupportModulesInManaged (5ms)
				SetLoadedEditorAssemblies (1ms)
				RefreshPlugins (1ms)
				BeforeProcessingInitializeOnLoad (172ms)
				ProcessInitializeOnLoadAttributes (806ms)
				ProcessInitializeOnLoadMethodAttributes (683ms)
				AfterProcessingInitializeOnLoad (22ms)
				EditorAssembliesLoaded (0ms)
			ExecutionOrderSort2 (0ms)
			AwakeInstancesAfterBackupRestoration (21ms)
Platform modules already initialized, skipping
Switching build target platform(19) subTarget(0) extendedPlatform(0) -> platform(21) subTarget(3) extendedPlatform(0)
Refreshing native plugins compatible for Editor in 0.97 ms, found 10 plugins.
Preloading 0 native plugins for Editor in 0.00 ms.
Unloading 3910 Unused Serialized files (Serialized files now loaded: 0)
System memory in use before: 262.6 MB.
System memory in use after: 261.1 MB.

Unloading 2049 unused Assets to reduce memory usage. Loaded Objects now: 4330.
Total: 7.446200 ms (FindLiveObjects: 0.799200 ms CreateObjectMapping: 0.219100 ms MarkObjects: 3.562200 ms  DeleteObjects: 2.863600 ms)

AssetImportParameters requested are different than current active one (requested -> active):
  custom:framework-win-MediaFoundation: 216162199b28c13a410421893ffa2e32 -> 
  custom:video-decoder-ogg-theora: a1e56fd34408186e4bbccfd4996cb3dc -> 
  custom:container-muxer-webm: aa71ff27fc2769a1b78a27578f13a17b -> 
  custom:container-demuxer-webm: 4f35f7cbe854078d1ac9338744f61a02 -> 
  custom:container-demuxer-ogg: 62fdf1f143b41e24485cea50d1cbac27 -> 
  custom:video-encoder-webm-vp8: eb34c28f22e8b96e1ab97ce403110664 -> 
  custom:video-decoder-webm-vp8: 9c59270c3fd7afecdb556c50c9e8de78 -> 
  custom:audio-decoder-ogg-vorbis: bf7c407c2cedff20999df2af8eb42d56 -> 
  custom:audio-encoder-webm-vorbis: bf7c407c2cedff20999df2af8eb42d56 -> 
AssetImportWorkerClient::OnTransportError - code=2 error=End of file
